2026-03-12 21:32:10,671 | [] [] [INFO ] [Logger.java:112] - [Utils] MethodGroupsHelper.collectMethodsByGroup() took 3 ms. 
2026-03-12 21:32:10,683 | [] [] [INFO ] [Logger.java:112] - [Utils] MethodGroupsHelper.sortMethods() took 8 ms. 
2026-03-12 21:32:10,687 | [] [] [INFO ] [Logger.java:112] - [Utils] MethodGroupsHelper.collectMethodsByGroup() took 0 ms. 
2026-03-12 21:32:10,688 | [] [] [INFO ] [Logger.java:112] - [Utils] MethodGroupsHelper.sortMethods() took 0 ms. 
2026-03-12 21:32:10,690 | [] [] [INFO ] [Logger.java:112] - [Utils] MethodGroupsHelper.collectMethodsByGroup() took 0 ms. 
2026-03-12 21:32:10,828 | [] [] [INFO ] [Logger.java:112] - [Utils] MethodGroupsHelper.sortMethods() took 0 ms. 
2026-03-12 21:32:10,832 | [] [] [INFO ] [Logger.java:112] - [Utils] MethodGroupsHelper.collectMethodsByGroup() took 0 ms. 
2026-03-12 21:32:10,832 | [] [] [INFO ] [Logger.java:112] - [Utils] MethodGroupsHelper.sortMethods() took 0 ms. 
2026-03-12 21:32:10,838 | [] [] [INFO ] [Logger.java:112] - [Utils] MethodGroupsHelper.collectMethodsByGroup() took 0 ms. 
2026-03-12 21:32:10,840 | [] [] [INFO ] [Logger.java:112] - [Utils] MethodGroupsHelper.sortMethods() took 0 ms. 
2026-03-12 21:32:10,844 | [] [] [INFO ] [Logger.java:112] - [Utils] MethodGroupsHelper.collectMethodsByGroup() took 0 ms. 
2026-03-12 21:32:10,846 | [] [] [INFO ] [Logger.java:112] - [Utils] MethodGroupsHelper.sortMethods() took 0 ms. 
2026-03-12 21:32:10,850 | [] [] [INFO ] [Logger.java:112] - [Utils] MethodGroupsHelper.collectMethodsByGroup() took 0 ms. 
2026-03-12 21:32:10,853 | [] [] [INFO ] [Logger.java:112] - [Utils] MethodGroupsHelper.sortMethods() took 0 ms. 
2026-03-12 21:32:10,855 | [] [] [INFO ] [Logger.java:112] - [Utils] MethodGroupsHelper.collectMethodsByGroup() took 0 ms. 
2026-03-12 21:32:10,857 | [] [] [INFO ] [Logger.java:112] - [Utils] MethodGroupsHelper.sortMethods() took 0 ms. 
2026-03-12 21:32:10,861 | [] [] [INFO ] [Logger.java:112] - [Utils] MethodGroupsHelper.collectMethodsByGroup() took 0 ms. 
2026-03-12 21:32:10,874 | [] [] [INFO ] [Logger.java:112] - [Utils] MethodGroupsHelper.sortMethods() took 12 ms. 
2026-03-12 21:32:10,876 | [] [] [INFO ] [Logger.java:112] - [Utils] MethodGroupsHelper.collectMethodsByGroup() took 0 ms. 
2026-03-12 21:32:10,877 | [] [] [INFO ] [Logger.java:112] - [Utils] MethodGroupsHelper.sortMethods() took 0 ms. 
2026-03-12 21:32:10,882 | [] [] [INFO ] [Logger.java:112] - [Utils] MethodGroupsHelper.collectMethodsByGroup() took 1 ms. 
2026-03-12 21:32:10,883 | [] [] [INFO ] [Logger.java:112] - [Utils] MethodGroupsHelper.sortMethods() took 1 ms. 
2026-03-12 21:32:10,888 | [] [] [INFO ] [Logger.java:112] - [Utils] MethodGroupsHelper.collectMethodsByGroup() took 0 ms. 
2026-03-12 21:32:10,889 | [] [] [INFO ] [Logger.java:112] - [Utils] MethodGroupsHelper.sortMethods() took 0 ms. 
2026-03-12 21:32:10,896 | [] [] [INFO ] [Logger.java:112] - [Utils] MethodGroupsHelper.collectMethodsByGroup() took 5 ms. 
2026-03-12 21:32:10,897 | [] [] [INFO ] [Logger.java:112] - [Utils] MethodGroupsHelper.sortMethods() took 1 ms. 
2026-03-12 21:32:10,900 | [] [] [INFO ] [Logger.java:112] - [Utils] MethodGroupsHelper.collectMethodsByGroup() took 0 ms. 
2026-03-12 21:32:10,900 | [] [] [INFO ] [Logger.java:112] - [Utils] MethodGroupsHelper.sortMethods() took 0 ms. 
2026-03-12 21:32:10,900 | [] [] [INFO ] [Logger.java:112] - [Utils] MethodGroupsHelper.collectMethodsByGroup() took 0 ms. 
2026-03-12 21:32:10,903 | [] [] [INFO ] [Logger.java:112] - [Utils] MethodGroupsHelper.sortMethods() took 2 ms. 
2026-03-12 21:32:10,912 | [] [] [INFO ] [Logger.java:112] - [TestNG] Running:
  C:\Users\arunkumar.r\AppData\Local\Temp\testng-eclipse-2138818591\testng-customsuite.xml
 
2026-03-12 21:32:11,194 | [] [] [INFO ] [Logger.java:112] - [Utils] DynamicGraphHelper.createDynamicGraph() took 5 ms. 
2026-03-12 21:32:11,212 | [Scenario-1-Complete Positive Shopping Flow with Cart Management] [] [INFO ] [Reporter.java:92] - Going to set testName, test description, author for the report. 
2026-03-12 21:32:11,231 | [Scenario-1-Complete Positive Shopping Flow with Cart Management] [] [INFO ] [Reporter.java:104] - Going to get extentTest instance from thread local class... 
2026-03-12 21:32:29,321 | [Scenario-1-Complete Positive Shopping Flow with Cart Management] [] [INFO ] [ProjectSpecificFunctions.java:39] - Successfully navigated to page --> 
2026-03-12 21:32:29,587 | [Scenario-1-Complete Positive Shopping Flow with Cart Management] [] [INFO ] [SeleniumBase.java:266] - Successfully captured Screenshot with snapnumber: 11773331349321 
2026-03-12 21:32:30,171 | [Scenario-1-Complete Positive Shopping Flow with Cart Management] [] [INFO ] [SeleniumBase.java:266] - Successfully captured Screenshot with snapnumber: 11773331349986 
2026-03-12 21:32:30,547 | [Scenario-1-Complete Positive Shopping Flow with Cart Management] [] [INFO ] [SeleniumBase.java:266] - Successfully captured Screenshot with snapnumber: 11773331350393 
2026-03-12 21:32:30,936 | [Scenario-1-Complete Positive Shopping Flow with Cart Management] [] [INFO ] [ProjectSpecificFunctions.java:39] - Successfully navigated to page --> 
2026-03-12 21:32:31,180 | [Scenario-1-Complete Positive Shopping Flow with Cart Management] [] [INFO ] [SeleniumBase.java:266] - Successfully captured Screenshot with snapnumber: 11773331350936 
2026-03-12 21:32:32,499 | [Scenario-1-Complete Positive Shopping Flow with Cart Management] [] [INFO ] [ProjectSpecificFunctions.java:39] - Successfully navigated to page --> 
2026-03-12 21:32:32,620 | [Scenario-1-Complete Positive Shopping Flow with Cart Management] [] [INFO ] [SeleniumBase.java:266] - Successfully captured Screenshot with snapnumber: 11773331352500 
2026-03-12 21:32:40,909 | [] [] [INFO ] [Logger.java:112] - [TestNG] Running:
  D:\Trinity\saucedemo-automation\testsuites\saucedemo.xml
 
2026-03-12 21:32:41,157 | [Scenario 3: Product Sorting Validation] [] [INFO ] [Reporter.java:92] - Going to set testName, test description, author for the report. 
2026-03-12 21:32:41,157 | [Scenario 2: Social Media Icon Redirection Validation] [] [INFO ] [Reporter.java:92] - Going to set testName, test description, author for the report. 
2026-03-12 21:32:41,157 | [Scenario-1-Complete Positive Shopping Flow with Cart Management] [] [INFO ] [Reporter.java:92] - Going to set testName, test description, author for the report. 
2026-03-12 21:32:41,166 | [Scenario 3: Product Sorting Validation] [] [INFO ] [Reporter.java:104] - Going to get extentTest instance from thread local class... 
2026-03-12 21:32:41,166 | [Scenario-1-Complete Positive Shopping Flow with Cart Management] [] [INFO ] [Reporter.java:104] - Going to get extentTest instance from thread local class... 
2026-03-12 21:32:41,166 | [Scenario 2: Social Media Icon Redirection Validation] [] [INFO ] [Reporter.java:104] - Going to get extentTest instance from thread local class... 
2026-03-12 21:36:43,479 | [] [] [INFO ] [Logger.java:112] - [TestNG] Running:
  D:\Trinity\saucedemo-automation\testsuites\saucedemo.xml
 
2026-03-12 21:36:43,814 | [Scenario-1-Complete Positive Shopping Flow with Cart Management] [] [INFO ] [Reporter.java:93] - Going to set testName, test description, author for the report. 
2026-03-12 21:36:43,814 | [Scenario 2: Social Media Icon Redirection Validation] [] [INFO ] [Reporter.java:93] - Going to set testName, test description, author for the report. 
2026-03-12 21:36:43,814 | [Scenario 3: Product Sorting Validation] [] [INFO ] [Reporter.java:93] - Going to set testName, test description, author for the report. 
2026-03-12 21:36:43,824 | [Scenario 3: Product Sorting Validation] [] [INFO ] [Reporter.java:105] - Going to get extentTest instance from thread local class... 
2026-03-12 21:36:43,824 | [Scenario-1-Complete Positive Shopping Flow with Cart Management] [] [INFO ] [Reporter.java:105] - Going to get extentTest instance from thread local class... 
2026-03-12 21:36:43,824 | [Scenario 2: Social Media Icon Redirection Validation] [] [INFO ] [Reporter.java:105] - Going to get extentTest instance from thread local class... 
2026-03-12 21:36:55,452 | [Scenario 2: Social Media Icon Redirection Validation] [] [INFO ] [ProjectSpecificFunctions.java:39] - Successfully navigated to page --> 
2026-03-12 21:36:55,660 | [Scenario 2: Social Media Icon Redirection Validation] [] [INFO ] [SeleniumBase.java:266] - Successfully captured Screenshot with snapnumber: 301773331615454 
2026-03-12 21:36:56,212 | [Scenario-1-Complete Positive Shopping Flow with Cart Management] [] [INFO ] [ProjectSpecificFunctions.java:39] - Successfully navigated to page --> 
2026-03-12 21:36:56,382 | [Scenario-1-Complete Positive Shopping Flow with Cart Management] [] [INFO ] [SeleniumBase.java:266] - Successfully captured Screenshot with snapnumber: 281773331616219 
2026-03-12 21:36:56,955 | [Scenario 2: Social Media Icon Redirection Validation] [] [INFO ] [SeleniumBase.java:266] - Successfully captured Screenshot with snapnumber: 301773331616775 
2026-03-12 21:36:57,045 | [Scenario-1-Complete Positive Shopping Flow with Cart Management] [] [INFO ] [SeleniumBase.java:266] - Successfully captured Screenshot with snapnumber: 281773331616941 
2026-03-12 21:36:57,414 | [Scenario-1-Complete Positive Shopping Flow with Cart Management] [] [INFO ] [SeleniumBase.java:266] - Successfully captured Screenshot with snapnumber: 281773331617298 
2026-03-12 21:36:57,479 | [Scenario 2: Social Media Icon Redirection Validation] [] [INFO ] [SeleniumBase.java:266] - Successfully captured Screenshot with snapnumber: 301773331617296 
2026-03-12 21:36:57,958 | [Scenario-1-Complete Positive Shopping Flow with Cart Management] [] [INFO ] [ProjectSpecificFunctions.java:39] - Successfully navigated to page --> 
2026-03-12 21:36:58,168 | [Scenario 2: Social Media Icon Redirection Validation] [] [INFO ] [ProjectSpecificFunctions.java:39] - Successfully navigated to page --> 
2026-03-12 21:36:58,188 | [Scenario-1-Complete Positive Shopping Flow with Cart Management] [] [INFO ] [SeleniumBase.java:266] - Successfully captured Screenshot with snapnumber: 281773331617960 
2026-03-12 21:36:58,495 | [Scenario 2: Social Media Icon Redirection Validation] [] [INFO ] [SeleniumBase.java:266] - Successfully captured Screenshot with snapnumber: 301773331618168 
2026-03-12 21:37:01,089 | [Scenario-1-Complete Positive Shopping Flow with Cart Management] [] [INFO ] [ProjectSpecificFunctions.java:39] - Successfully navigated to page --> 
2026-03-12 21:37:01,582 | [Scenario-1-Complete Positive Shopping Flow with Cart Management] [] [INFO ] [SeleniumBase.java:266] - Successfully captured Screenshot with snapnumber: 281773331621091 
2026-03-12 21:37:03,943 | [Scenario 3: Product Sorting Validation] [] [INFO ] [ProjectSpecificFunctions.java:39] - Successfully navigated to page --> 
2026-03-12 21:37:04,330 | [Scenario 3: Product Sorting Validation] [] [INFO ] [SeleniumBase.java:266] - Successfully captured Screenshot with snapnumber: 291773331623945 
2026-03-12 21:37:04,998 | [Scenario-1-Complete Positive Shopping Flow with Cart Management] [] [INFO ] [ProjectSpecificFunctions.java:39] - Successfully navigated to page --> 
2026-03-12 21:37:05,132 | [Scenario-1-Complete Positive Shopping Flow with Cart Management] [] [INFO ] [SeleniumBase.java:266] - Successfully captured Screenshot with snapnumber: 281773331624998 
2026-03-12 21:37:05,338 | [Scenario 3: Product Sorting Validation] [] [INFO ] [SeleniumBase.java:266] - Successfully captured Screenshot with snapnumber: 291773331625166 
2026-03-12 21:37:07,491 | [Scenario 3: Product Sorting Validation] [] [INFO ] [SeleniumBase.java:266] - Successfully captured Screenshot with snapnumber: 291773331627214 
2026-03-12 21:37:07,512 | [Scenario-1-Complete Positive Shopping Flow with Cart Management] [] [INFO ] [SeleniumBase.java:266] - Successfully captured Screenshot with snapnumber: 281773331627358 
2026-03-12 21:37:07,954 | [Scenario-1-Complete Positive Shopping Flow with Cart Management] [] [INFO ] [SeleniumBase.java:266] - Successfully captured Screenshot with snapnumber: 281773331627813 
2026-03-12 21:37:08,753 | [Scenario 3: Product Sorting Validation] [] [INFO ] [ProjectSpecificFunctions.java:39] - Successfully navigated to page --> 
2026-03-12 21:37:09,273 | [Scenario 3: Product Sorting Validation] [] [INFO ] [SeleniumBase.java:266] - Successfully captured Screenshot with snapnumber: 291773331628755 
2026-03-12 21:37:09,403 | [Scenario-1-Complete Positive Shopping Flow with Cart Management] [] [INFO ] [SeleniumBase.java:266] - Successfully captured Screenshot with snapnumber: 281773331629244 
2026-03-12 21:37:10,009 | [Scenario-1-Complete Positive Shopping Flow with Cart Management] [] [INFO ] [ProjectSpecificFunctions.java:39] - Successfully navigated to page --> 
2026-03-12 21:37:10,177 | [Scenario-1-Complete Positive Shopping Flow with Cart Management] [] [INFO ] [SeleniumBase.java:266] - Successfully captured Screenshot with snapnumber: 281773331630009 
2026-03-12 21:37:10,556 | [Scenario-1-Complete Positive Shopping Flow with Cart Management] [] [INFO ] [SeleniumBase.java:266] - Successfully captured Screenshot with snapnumber: 281773331630404 
2026-03-12 21:37:11,877 | [Scenario-1-Complete Positive Shopping Flow with Cart Management] [] [INFO ] [ProjectSpecificFunctions.java:39] - Successfully navigated to page --> 
2026-03-12 21:37:12,054 | [Scenario-1-Complete Positive Shopping Flow with Cart Management] [] [INFO ] [SeleniumBase.java:266] - Successfully captured Screenshot with snapnumber: 281773331631877 
2026-03-12 21:37:12,139 | [Scenario 3: Product Sorting Validation] [] [INFO ] [SeleniumBase.java:266] - Successfully captured Screenshot with snapnumber: 291773331631768 
2026-03-12 21:37:12,412 | [Scenario-1-Complete Positive Shopping Flow with Cart Management] [] [INFO ] [SeleniumBase.java:266] - Successfully captured Screenshot with snapnumber: 281773331632261 
2026-03-12 21:37:14,238 | [Scenario 2: Social Media Icon Redirection Validation] [] [INFO ] [SeleniumBase.java:266] - Successfully captured Screenshot with snapnumber: 301773331633613 
2026-03-12 21:37:14,558 | [Scenario 3: Product Sorting Validation] [] [INFO ] [SeleniumBase.java:266] - Successfully captured Screenshot with snapnumber: 291773331634107 
2026-03-12 21:37:16,957 | [Scenario 3: Product Sorting Validation] [] [INFO ] [SeleniumBase.java:266] - Successfully captured Screenshot with snapnumber: 291773331636719 
2026-03-12 21:37:18,425 | [Scenario 3: Product Sorting Validation] [] [INFO ] [SeleniumBase.java:266] - Successfully captured Screenshot with snapnumber: 291773331638192 
2026-03-12 21:37:29,059 | [Scenario 2: Social Media Icon Redirection Validation] [] [INFO ] [SeleniumBase.java:266] - Successfully captured Screenshot with snapnumber: 301773331648888 
2026-03-12 21:37:31,868 | [Scenario 2: Social Media Icon Redirection Validation] [] [INFO ] [SeleniumBase.java:266] - Successfully captured Screenshot with snapnumber: 301773331651335 
2026-03-12 21:37:32,494 | [] [] [INFO ] [Reporter.java:244] - Browser/Driver Versions Used: Capabilities {acceptInsecureCerts: false, browserName: chrome, browserVersion: 145.0.7632.160, chrome: {chromedriverVersion: 145.0.7632.117 (de4e5d6e13b..., userDataDir: C:\Users\ARUNKU~1.R\AppData...}, fedcm:accounts: true, goog:chromeOptions: {debuggerAddress: localhost:64054}, goog:processID: 14508, networkConnectionEnabled: false, pageLoadStrategy: normal, platformName: windows, proxy: Proxy(), se:cdp: ws://localhost:64054/devtoo..., se:cdpVersion: 145.0.7632.160, setWindowRect: true, strictFileInteractability: false, timeouts: {implicit: 0, pageLoad: 300000, script: 30000}, unhandledPromptBehavior: dismiss and notify, webauthn:extension:credBlob: true, webauthn:extension:largeBlob: true, webauthn:extension:minPinLength: true, webauthn:extension:prf: true, webauthn:virtualAuthenticators: true} 
2026-03-12 21:37:32,495 | [] [] [INFO ] [Reporter.java:248] - Resolution Used: null 
2026-03-12 21:37:32,495 | [] [] [INFO ] [Reporter.java:252] - Java version Used: 21.0.1 
2026-03-12 21:37:32,495 | [] [] [INFO ] [Reporter.java:256] - *******END OF LOG FILE******* 
2026-03-12 21:41:57,273 | [] [] [INFO ] [Logger.java:112] - [TestNG] Running:
  D:\Trinity\saucedemo-automation\testsuites\saucedemo.xml
 
2026-03-12 21:42:19,428 | [Scenario-1-Complete Positive Shopping Flow with Cart Management] [] [INFO ] [ProjectSpecificFunctions.java:39] - Successfully navigated to page --> 
2026-03-12 21:42:19,532 | [Scenario 2: Social Media Icon Redirection Validation] [] [INFO ] [ProjectSpecificFunctions.java:39] - Successfully navigated to page --> 
2026-03-12 21:42:19,474 | [Scenario 3: Product Sorting Validation] [] [INFO ] [ProjectSpecificFunctions.java:39] - Successfully navigated to page --> 
2026-03-12 21:42:20,115 | [Scenario 3: Product Sorting Validation] [] [INFO ] [SeleniumBase.java:266] - Successfully captured Screenshot with snapnumber: 291773331939544 
2026-03-12 21:42:20,115 | [Scenario 2: Social Media Icon Redirection Validation] [] [INFO ] [SeleniumBase.java:266] - Successfully captured Screenshot with snapnumber: 301773331939544 
2026-03-12 21:42:20,115 | [Scenario-1-Complete Positive Shopping Flow with Cart Management] [] [INFO ] [SeleniumBase.java:266] - Successfully captured Screenshot with snapnumber: 281773331939544 
2026-03-12 21:42:22,062 | [Scenario-1-Complete Positive Shopping Flow with Cart Management] [] [INFO ] [SeleniumBase.java:266] - Successfully captured Screenshot with snapnumber: 281773331941727 
2026-03-12 21:42:22,110 | [Scenario 2: Social Media Icon Redirection Validation] [] [INFO ] [SeleniumBase.java:266] - Successfully captured Screenshot with snapnumber: 301773331941712 
2026-03-12 21:42:22,110 | [Scenario 3: Product Sorting Validation] [] [INFO ] [SeleniumBase.java:266] - Successfully captured Screenshot with snapnumber: 291773331941722 
2026-03-12 21:42:25,588 | [Scenario-1-Complete Positive Shopping Flow with Cart Management] [] [INFO ] [SeleniumBase.java:266] - Successfully captured Screenshot with snapnumber: 281773331944879 
2026-03-12 21:42:25,814 | [Scenario 2: Social Media Icon Redirection Validation] [] [INFO ] [SeleniumBase.java:266] - Successfully captured Screenshot with snapnumber: 301773331945049 
2026-03-12 21:42:26,406 | [Scenario 3: Product Sorting Validation] [] [INFO ] [SeleniumBase.java:266] - Successfully captured Screenshot with snapnumber: 291773331945777 
2026-03-12 21:42:30,487 | [Scenario 2: Social Media Icon Redirection Validation] [] [INFO ] [ProjectSpecificFunctions.java:39] - Successfully navigated to page --> 
2026-03-12 21:42:30,512 | [Scenario 3: Product Sorting Validation] [] [INFO ] [ProjectSpecificFunctions.java:39] - Successfully navigated to page --> 
2026-03-12 21:42:30,660 | [Scenario-1-Complete Positive Shopping Flow with Cart Management] [] [INFO ] [ProjectSpecificFunctions.java:39] - Successfully navigated to page --> 
2026-03-12 21:42:31,074 | [Scenario 3: Product Sorting Validation] [] [INFO ] [SeleniumBase.java:266] - Successfully captured Screenshot with snapnumber: 291773331950515 
2026-03-12 21:42:31,073 | [Scenario 2: Social Media Icon Redirection Validation] [] [INFO ] [SeleniumBase.java:266] - Successfully captured Screenshot with snapnumber: 301773331950489 
2026-03-12 21:42:31,205 | [Scenario-1-Complete Positive Shopping Flow with Cart Management] [] [INFO ] [SeleniumBase.java:266] - Successfully captured Screenshot with snapnumber: 281773331950660 
2026-03-12 21:42:33,791 | [Scenario 3: Product Sorting Validation] [] [INFO ] [SeleniumBase.java:266] - Successfully captured Screenshot with snapnumber: 291773331953028 
2026-03-12 21:42:34,949 | [Scenario-1-Complete Positive Shopping Flow with Cart Management] [] [INFO ] [ProjectSpecificFunctions.java:39] - Successfully navigated to page --> 
2026-03-12 21:42:35,203 | [Scenario-1-Complete Positive Shopping Flow with Cart Management] [] [INFO ] [SeleniumBase.java:266] - Successfully captured Screenshot with snapnumber: 281773331954951 
2026-03-12 21:42:35,546 | [Scenario 3: Product Sorting Validation] [] [INFO ] [SeleniumBase.java:266] - Successfully captured Screenshot with snapnumber: 291773331955145 
2026-03-12 21:42:36,901 | [Scenario-1-Complete Positive Shopping Flow with Cart Management] [] [INFO ] [ProjectSpecificFunctions.java:39] - Successfully navigated to page --> 
2026-03-12 21:42:37,121 | [Scenario-1-Complete Positive Shopping Flow with Cart Management] [] [INFO ] [SeleniumBase.java:266] - Successfully captured Screenshot with snapnumber: 281773331956901 
2026-03-12 21:42:38,040 | [Scenario 3: Product Sorting Validation] [] [INFO ] [SeleniumBase.java:266] - Successfully captured Screenshot with snapnumber: 291773331957451 
2026-03-12 21:42:38,992 | [Scenario-1-Complete Positive Shopping Flow with Cart Management] [] [INFO ] [SeleniumBase.java:266] - Successfully captured Screenshot with snapnumber: 281773331958778 
2026-03-12 21:42:39,965 | [Scenario-1-Complete Positive Shopping Flow with Cart Management] [] [INFO ] [SeleniumBase.java:266] - Successfully captured Screenshot with snapnumber: 281773331959592 
2026-03-12 21:42:40,119 | [Scenario 3: Product Sorting Validation] [] [INFO ] [SeleniumBase.java:266] - Successfully captured Screenshot with snapnumber: 291773331959346 
2026-03-12 21:42:41,226 | [Scenario-1-Complete Positive Shopping Flow with Cart Management] [] [INFO ] [SeleniumBase.java:266] - Successfully captured Screenshot with snapnumber: 281773331961023 
2026-03-12 21:42:41,789 | [Scenario-1-Complete Positive Shopping Flow with Cart Management] [] [INFO ] [ProjectSpecificFunctions.java:39] - Successfully navigated to page --> 
2026-03-12 21:42:42,017 | [Scenario-1-Complete Positive Shopping Flow with Cart Management] [] [INFO ] [SeleniumBase.java:266] - Successfully captured Screenshot with snapnumber: 281773331961789 
2026-03-12 21:42:42,643 | [Scenario-1-Complete Positive Shopping Flow with Cart Management] [] [INFO ] [SeleniumBase.java:266] - Successfully captured Screenshot with snapnumber: 281773331962236 
2026-03-12 21:42:44,672 | [Scenario-1-Complete Positive Shopping Flow with Cart Management] [] [INFO ] [ProjectSpecificFunctions.java:39] - Successfully navigated to page --> 
2026-03-12 21:42:44,914 | [Scenario-1-Complete Positive Shopping Flow with Cart Management] [] [INFO ] [SeleniumBase.java:266] - Successfully captured Screenshot with snapnumber: 281773331964672 
2026-03-12 21:42:45,388 | [Scenario-1-Complete Positive Shopping Flow with Cart Management] [] [INFO ] [SeleniumBase.java:266] - Successfully captured Screenshot with snapnumber: 281773331965232 
2026-03-12 21:42:54,267 | [Scenario 2: Social Media Icon Redirection Validation] [] [INFO ] [SeleniumBase.java:266] - Successfully captured Screenshot with snapnumber: 301773331973862 
2026-03-12 21:43:21,618 | [] [] [INFO ] [Logger.java:112] - [TestNG] Running:
  D:\Trinity\saucedemo-automation\testsuites\saucedemo.xml
 
2026-03-12 21:43:28,419 | [Scenario-1-Complete Positive Shopping Flow with Cart Management] [] [INFO ] [ProjectSpecificFunctions.java:39] - Successfully navigated to page --> 
2026-03-12 21:43:28,804 | [Scenario-1-Complete Positive Shopping Flow with Cart Management] [] [INFO ] [SeleniumBase.java:266] - Successfully captured Screenshot with snapnumber: 281773332008424 
2026-03-12 21:43:29,570 | [Scenario 2: Social Media Icon Redirection Validation] [] [INFO ] [ProjectSpecificFunctions.java:39] - Successfully navigated to page --> 
2026-03-12 21:43:29,806 | [Scenario 3: Product Sorting Validation] [] [INFO ] [ProjectSpecificFunctions.java:39] - Successfully navigated to page --> 
2026-03-12 21:43:29,996 | [Scenario 2: Social Media Icon Redirection Validation] [] [INFO ] [SeleniumBase.java:266] - Successfully captured Screenshot with snapnumber: 301773332009570 
2026-03-12 21:43:30,305 | [Scenario 3: Product Sorting Validation] [] [INFO ] [SeleniumBase.java:266] - Successfully captured Screenshot with snapnumber: 291773332009806 
2026-03-12 21:43:31,633 | [Scenario-1-Complete Positive Shopping Flow with Cart Management] [] [INFO ] [SeleniumBase.java:266] - Successfully captured Screenshot with snapnumber: 281773332011406 
2026-03-12 21:43:32,203 | [Scenario 2: Social Media Icon Redirection Validation] [] [INFO ] [SeleniumBase.java:266] - Successfully captured Screenshot with snapnumber: 301773332011966 
2026-03-12 21:43:32,286 | [Scenario 3: Product Sorting Validation] [] [INFO ] [SeleniumBase.java:266] - Successfully captured Screenshot with snapnumber: 291773332012039 
2026-03-12 21:43:33,180 | [Scenario-1-Complete Positive Shopping Flow with Cart Management] [] [INFO ] [SeleniumBase.java:266] - Successfully captured Screenshot with snapnumber: 281773332012893 
2026-03-12 21:43:33,609 | [Scenario 3: Product Sorting Validation] [] [INFO ] [SeleniumBase.java:266] - Successfully captured Screenshot with snapnumber: 291773332013383 
2026-03-12 21:43:33,629 | [Scenario 2: Social Media Icon Redirection Validation] [] [INFO ] [SeleniumBase.java:266] - Successfully captured Screenshot with snapnumber: 301773332013367 
2026-03-12 21:43:34,283 | [Scenario-1-Complete Positive Shopping Flow with Cart Management] [] [INFO ] [ProjectSpecificFunctions.java:39] - Successfully navigated to page --> 
2026-03-12 21:43:34,945 | [Scenario-1-Complete Positive Shopping Flow with Cart Management] [] [INFO ] [SeleniumBase.java:266] - Successfully captured Screenshot with snapnumber: 281773332014283 
2026-03-12 21:43:35,169 | [Scenario 3: Product Sorting Validation] [] [INFO ] [ProjectSpecificFunctions.java:39] - Successfully navigated to page --> 
2026-03-12 21:43:35,177 | [Scenario 2: Social Media Icon Redirection Validation] [] [INFO ] [ProjectSpecificFunctions.java:39] - Successfully navigated to page --> 
2026-03-12 21:43:35,518 | [Scenario 3: Product Sorting Validation] [] [INFO ] [SeleniumBase.java:266] - Successfully captured Screenshot with snapnumber: 291773332015171 
2026-03-12 21:43:35,561 | [Scenario 2: Social Media Icon Redirection Validation] [] [INFO ] [SeleniumBase.java:266] - Successfully captured Screenshot with snapnumber: 301773332015178 
2026-03-12 21:43:37,008 | [Scenario 3: Product Sorting Validation] [] [INFO ] [SeleniumBase.java:266] - Successfully captured Screenshot with snapnumber: 291773332016609 
2026-03-12 21:43:37,602 | [Scenario-1-Complete Positive Shopping Flow with Cart Management] [] [INFO ] [ProjectSpecificFunctions.java:39] - Successfully navigated to page --> 
2026-03-12 21:43:37,854 | [Scenario-1-Complete Positive Shopping Flow with Cart Management] [] [INFO ] [SeleniumBase.java:266] - Successfully captured Screenshot with snapnumber: 281773332017602 
2026-03-12 21:43:38,739 | [Scenario 3: Product Sorting Validation] [] [INFO ] [SeleniumBase.java:266] - Successfully captured Screenshot with snapnumber: 291773332018341 
2026-03-12 21:43:39,127 | [Scenario-1-Complete Positive Shopping Flow with Cart Management] [] [INFO ] [ProjectSpecificFunctions.java:39] - Successfully navigated to page --> 
2026-03-12 21:43:39,407 | [Scenario-1-Complete Positive Shopping Flow with Cart Management] [] [INFO ] [SeleniumBase.java:266] - Successfully captured Screenshot with snapnumber: 281773332019133 
2026-03-12 21:43:40,707 | [Scenario 3: Product Sorting Validation] [] [INFO ] [SeleniumBase.java:266] - Successfully captured Screenshot with snapnumber: 291773332019931 
2026-03-12 21:43:41,626 | [Scenario-1-Complete Positive Shopping Flow with Cart Management] [] [INFO ] [SeleniumBase.java:266] - Successfully captured Screenshot with snapnumber: 281773332021385 
2026-03-12 21:43:42,404 | [Scenario 3: Product Sorting Validation] [] [INFO ] [SeleniumBase.java:266] - Successfully captured Screenshot with snapnumber: 291773332021981 
2026-03-12 21:43:42,727 | [Scenario-1-Complete Positive Shopping Flow with Cart Management] [] [INFO ] [SeleniumBase.java:266] - Successfully captured Screenshot with snapnumber: 281773332022527 
2026-03-12 21:43:43,832 | [Scenario-1-Complete Positive Shopping Flow with Cart Management] [] [INFO ] [SeleniumBase.java:266] - Successfully captured Screenshot with snapnumber: 281773332023655 
2026-03-12 21:43:44,533 | [Scenario-1-Complete Positive Shopping Flow with Cart Management] [] [INFO ] [ProjectSpecificFunctions.java:39] - Successfully navigated to page --> 
2026-03-12 21:43:44,861 | [Scenario-1-Complete Positive Shopping Flow with Cart Management] [] [INFO ] [SeleniumBase.java:266] - Successfully captured Screenshot with snapnumber: 281773332024533 
2026-03-12 21:43:45,287 | [Scenario-1-Complete Positive Shopping Flow with Cart Management] [] [INFO ] [SeleniumBase.java:266] - Successfully captured Screenshot with snapnumber: 281773332025061 
2026-03-12 21:43:46,611 | [Scenario-1-Complete Positive Shopping Flow with Cart Management] [] [INFO ] [ProjectSpecificFunctions.java:39] - Successfully navigated to page --> 
2026-03-12 21:43:46,865 | [Scenario-1-Complete Positive Shopping Flow with Cart Management] [] [INFO ] [SeleniumBase.java:266] - Successfully captured Screenshot with snapnumber: 281773332026611 
2026-03-12 21:43:47,217 | [Scenario-1-Complete Positive Shopping Flow with Cart Management] [] [INFO ] [SeleniumBase.java:266] - Successfully captured Screenshot with snapnumber: 281773332026971 
2026-03-12 21:43:50,105 | [Scenario 2: Social Media Icon Redirection Validation] [] [INFO ] [SeleniumBase.java:266] - Successfully captured Screenshot with snapnumber: 301773332029368 
2026-03-12 21:43:53,531 | [Scenario 2: Social Media Icon Redirection Validation] [] [INFO ] [SeleniumBase.java:266] - Successfully captured Screenshot with snapnumber: 301773332033284 
2026-03-12 21:43:58,021 | [Scenario 2: Social Media Icon Redirection Validation] [] [INFO ] [SeleniumBase.java:266] - Successfully captured Screenshot with snapnumber: 301773332036822 
